input_seqs_fp	/Users/catherinegirard/QIIME/16S-ResoluteMontreal2013-2014/2014/2_Split_2014/seqs.fna
output_dir	/Users/catherinegirard/QIIME/16S-ResoluteMontreal2013-2014/2014/3_Chimeras/usearch_checked_chimeras
reference_seqs_fp	/Users/catherinegirard/QIIME/16S-ResoluteMontreal2013-2014/0_Greengenes/gg_13_8_otus/rep_set/97_otus.fasta
suppress_usearch61_intermediates	False
suppress_usearch61_ref	False
suppress_usearch61_denovo	False
split_by_sampleid	False
non_chimeras_retention	union
usearch61_minh	0.28
usearch61_xn	8.0
usearch61_dn	1.4
usearch61_mindiffs	3
usearch61_mindiv	0.8
usearch61_abundance_skew	2.0
percent_id_usearch61	0.97
minlen	64
word_length	8
max_accepts	1
max_rejects	8
HALT_EXEC	False

ref_non_chimeras	7707420
ref_chimeras	303770
denovo_chimeras	380372
denovo_non_chimeras	7630818
